<?xml version="1.0" encoding="UTF-8"?>
<testsuite name="com.setec.WebApiProductApplicationTests" tests="1" skipped="0" failures="0" errors="0" timestamp="2026-01-21T08:41:52.723Z" hostname="SEK-PICH" time="0.37">
  <properties/>
  <testcase name="contextLoads()" classname="com.setec.WebApiProductApplicationTests" time="0.37"/>
  <system-out><![CDATA[15:41:46.802 [Test worker] INFO org.springframework.test.context.support.AnnotationConfigContextLoaderUtils -- Could not detect default configuration classes for test class [com.setec.WebApiProductApplicationTests]: WebApiProductApplicationTests does not declare any static, non-private, non-final, nested classes annotated with @Configuration.
15:41:46.904 [Test worker] INFO org.springframework.boot.test.context.SpringBootTestContextBootstrapper -- Found @SpringBootConfiguration com.setec.WebApiProductApplication for test class com.setec.WebApiProductApplicationTests

  .   ____          _            __ _ _
 /\\ / ___'_ __ _ _(_)_ __  __ _ \ \ \ \
( ( )\___ | '_ | '_| | '_ \/ _` | \ \ \ \
 \\/  ___)| |_)| | | | | || (_| |  ) ) ) )
  '  |____| .__|_| |_|_| |_\__, | / / / /
 =========|_|==============|___/=/_/_/_/

 :: Spring Boot ::                (v4.0.1)

2026-01-21T15:41:47.299+07:00  INFO 17996 --- [web-api-product] [    Test worker] c.setec.WebApiProductApplicationTests    : Starting WebApiProductApplicationTests using Java 21.0.8 with PID 17996 (started by Sek-Pich in D:\SETEC YEAR-3 I\Java\sts-4.31.0.RELEASE\WorkSpace\web-api-product)
2026-01-21T15:41:47.301+07:00  INFO 17996 --- [web-api-product] [    Test worker] c.setec.WebApiProductApplicationTests    : No active profile set, falling back to 1 default profile: "default"
2026-01-21T15:41:48.220+07:00  INFO 17996 --- [web-api-product] [    Test worker] .s.d.r.c.RepositoryConfigurationDelegate : Bootstrapping Spring Data JPA repositories in DEFAULT mode.
2026-01-21T15:41:48.291+07:00  INFO 17996 --- [web-api-product] [    Test worker] .s.d.r.c.RepositoryConfigurationDelegate : Finished Spring Data repository scanning in 56 ms. Found 1 JPA repository interface.
2026-01-21T15:41:48.816+07:00  INFO 17996 --- [web-api-product] [    Test worker] org.hibernate.orm.jpa                    : HHH008540: Processing PersistenceUnitInfo [name: default]
2026-01-21T15:41:48.873+07:00  INFO 17996 --- [web-api-product] [    Test worker] org.hibernate.orm.core                   : HHH000001: Hibernate ORM core version 7.2.0.Final
2026-01-21T15:41:49.423+07:00  INFO 17996 --- [web-api-product] [    Test worker] o.s.o.j.p.SpringPersistenceUnitInfo      : No LoadTimeWeaver setup: ignoring JPA class transformer
2026-01-21T15:41:49.451+07:00  INFO 17996 --- [web-api-product] [    Test worker] com.zaxxer.hikari.HikariDataSource       : HikariPool-1 - Starting...
2026-01-21T15:41:50.666+07:00  INFO 17996 --- [web-api-product] [    Test worker] com.zaxxer.hikari.pool.HikariPool        : HikariPool-1 - Added connection org.postgresql.jdbc.PgConnection@6c4786af
2026-01-21T15:41:50.668+07:00  INFO 17996 --- [web-api-product] [    Test worker] com.zaxxer.hikari.HikariDataSource       : HikariPool-1 - Start completed.
2026-01-21T15:41:50.751+07:00  WARN 17996 --- [web-api-product] [    Test worker] org.hibernate.orm.deprecation            : HHH90000025: PostgreSQLDialect does not need to be specified explicitly using 'hibernate.dialect' (remove the property setting and it will be selected by default)
2026-01-21T15:41:50.918+07:00  INFO 17996 --- [web-api-product] [    Test worker] org.hibernate.orm.connections.pooling    : HHH10001005: Database info:
	Database JDBC URL [jdbc:postgresql://dpg-d5kunvv5r7bs73cn1sm0-a.singapore-postgres.render.com/john_postgres?sslmode=require]
	Database driver: PostgreSQL JDBC Driver
	Database dialect: PostgreSQLDialect
	Database version: 18.1
	Default catalog/schema: john_postgres/public
	Autocommit mode: undefined/unknown
	Isolation level: READ_COMMITTED [default READ_COMMITTED]
	JDBC fetch size: none
	Pool: DataSourceConnectionProvider
	Minimum pool size: undefined/unknown
	Maximum pool size: undefined/unknown
2026-01-21T15:41:51.614+07:00  INFO 17996 --- [web-api-product] [    Test worker] org.hibernate.orm.core                   : HHH000489: No JTA platform available (set 'hibernate.transaction.jta.platform' to enable JTA platform integration)
2026-01-21T15:41:51.801+07:00  INFO 17996 --- [web-api-product] [    Test worker] j.LocalContainerEntityManagerFactoryBean : Initialized JPA EntityManagerFactory for persistence unit 'default'
2026-01-21T15:41:51.902+07:00  INFO 17996 --- [web-api-product] [    Test worker] o.s.d.j.r.query.QueryEnhancerFactories   : Hibernate is in classpath; If applicable, HQL parser will be used.
2026-01-21T15:41:52.707+07:00  INFO 17996 --- [web-api-product] [    Test worker] c.setec.WebApiProductApplicationTests    : Started WebApiProductApplicationTests in 5.669 seconds (process running for 6.91)
2026-01-21T15:41:52.711+07:00  WARN 17996 --- [web-api-product] [    Test worker] o.s.core.events.SpringDocAppInitializer  : SpringDoc /v3/api-docs endpoint is enabled by default. To disable it in production, set the property 'springdoc.api-docs.enabled=false'
2026-01-21T15:41:52.711+07:00  WARN 17996 --- [web-api-product] [    Test worker] o.s.core.events.SpringDocAppInitializer  : SpringDoc /swagger-ui.html endpoint is enabled by default. To disable it in production, set the property 'springdoc.swagger-ui.enabled=false'
]]></system-out>
  <system-err><![CDATA[Mockito is currently self-attaching to enable the inline-mock-maker. This will no longer work in future releases of the JDK. Please add Mockito as an agent to your build as described in Mockito's documentation: https://javadoc.io/doc/org.mockito/mockito-core/latest/org.mockito/org/mockito/Mockito.html#0.3
WARNING: A Java agent has been loaded dynamically (C:\apache\gradle-8.14.3\caches\modules-2\files-2.1\net.bytebuddy\byte-buddy-agent\1.17.8\f09415827a71be7ed621c7bd02550678f28bc81c\byte-buddy-agent-1.17.8.jar)
WARNING: If a serviceability tool is in use, please run with -XX:+EnableDynamicAgentLoading to hide this warning
WARNING: If a serviceability tool is not in use, please run with -Djdk.instrument.traceUsage for more information
WARNING: Dynamic loading of agents will be disallowed by default in a future release
]]></system-err>
</testsuite>
